Vivado Simulator 2020.2
Copyright 1986-1999, 2001-2020 Xilinx, Inc. All Rights Reserved.
Running: F:/Vivado/Vivado/2020.2/bin/unwrapped/win64.o/xelab.exe -wto 7c6f77e13414443cae5ad79d79daad28 --incr --debug typical --relax --mt 2 -L xil_defaultlib -L unisims_ver -L unimacro_ver -L secureip --snapshot cpu_tb_behav xil_defaultlib.cpu_tb xil_defaultlib.glbl -log elaborate.log 
Using 2 slave threads.
Starting static elaboration
Pass Through NonSizing Optimizer
Completed static elaboration
Starting simulation data flow analysis
Completed simulation data flow analysis
Time Resolution for simulation is 1ps
Compiling module xil_defaultlib.CU
Compiling module xil_defaultlib.equal
Compiling module xil_defaultlib.pc
Compiling module xil_defaultlib.adder
Compiling module xil_defaultlib.npc
Compiling module xil_defaultlib.IMEM
Compiling module xil_defaultlib.IR
Compiling module xil_defaultlib.extender
Compiling module xil_defaultlib.addr_mux
Compiling module xil_defaultlib.regfile
Compiling module xil_defaultlib.data_reg
Compiling module xil_defaultlib.mux
Compiling module xil_defaultlib.alu
Compiling module xil_defaultlib.imm
Compiling module xil_defaultlib.DMEM
Compiling module xil_defaultlib.npc_adder
Compiling module xil_defaultlib.cpu
Compiling module xil_defaultlib.cpu_top
Compiling module xil_defaultlib.cpu_tb
Compiling module xil_defaultlib.glbl
Built simulation snapshot cpu_tb_behav
